c:\users\lollisjosh\desktop\dev\snake-sfml\snake\debug\vc143.pdb
c:\users\lollisjosh\desktop\dev\snake-sfml\snake\debug\vc143.idb
c:\users\lollisjosh\desktop\dev\snake-sfml\snake\debug\static_graphic.obj
c:\users\lollisjosh\desktop\dev\snake-sfml\snake\debug\snake_rule_monitor.obj
c:\users\lollisjosh\desktop\dev\snake-sfml\snake\debug\snake_controller.obj
c:\users\lollisjosh\desktop\dev\snake-sfml\snake\debug\snake.obj
c:\users\lollisjosh\desktop\dev\snake-sfml\snake\debug\play_state.obj
c:\users\lollisjosh\desktop\dev\snake-sfml\snake\debug\pause_state.obj
c:\users\lollisjosh\desktop\dev\snake-sfml\snake\debug\options_state.obj
c:\users\lollisjosh\desktop\dev\snake-sfml\snake\debug\menu_state.obj
c:\users\lollisjosh\desktop\dev\snake-sfml\snake\debug\main.obj
c:\users\lollisjosh\desktop\dev\snake-sfml\snake\debug\game_over_state.obj
c:\users\lollisjosh\desktop\dev\snake-sfml\snake\debug\game.obj
c:\users\lollisjosh\desktop\dev\snake-sfml\snake\debug\debug_window.obj
c:\users\lollisjosh\desktop\dev\snake-sfml\debug\snake.lib
c:\users\lollisjosh\desktop\dev\snake-sfml\debug\snake.exp
c:\users\lollisjosh\desktop\dev\snake-sfml\debug\snake.exe
c:\users\lollisjosh\desktop\dev\snake-sfml\snake\debug\snake.ilk
c:\users\lollisjosh\desktop\dev\snake-sfml\debug\snake.pdb
c:\users\lollisjosh\desktop\dev\snake-sfml\snake\debug\snake.tlog\cl.command.1.tlog
c:\users\lollisjosh\desktop\dev\snake-sfml\snake\debug\snake.tlog\cl.read.1.tlog
c:\users\lollisjosh\desktop\dev\snake-sfml\snake\debug\snake.tlog\cl.write.1.tlog
c:\users\lollisjosh\desktop\dev\snake-sfml\snake\debug\snake.tlog\link.command.1.tlog
c:\users\lollisjosh\desktop\dev\snake-sfml\snake\debug\snake.tlog\link.read.1.tlog
c:\users\lollisjosh\desktop\dev\snake-sfml\snake\debug\snake.tlog\link.write.1.tlog
c:\users\lollisjosh\desktop\dev\snake-sfml\snake\debug\snake.tlog\link.write.2u.tlog
